<?xml version="1.0" encoding="UTF-8" ?>
<testsuite failures="0" time="0.033" errors="0" skipped="0" tests="1" name="nz.ac.otago.infosci.emas2013application.AppTest">
  <properties>
    <property name="java.runtime.name" value="Java(TM) SE Runtime Environment"/>
    <property name="sun.boot.library.path" value="C:\Program Files\Java\jdk1.7.0_10\jre\bin"/>
    <property name="java.vm.version" value="23.6-b04"/>
    <property name="java.vm.vendor" value="Oracle Corporation"/>
    <property name="java.vendor.url" value="http://java.oracle.com/"/>
    <property name="path.separator" value=";"/>
    <property name="java.vm.name" value="Java HotSpot(TM) 64-Bit Server VM"/>
    <property name="file.encoding.pkg" value="sun.io"/>
    <property name="user.script" value=""/>
    <property name="user.country" value="US"/>
    <property name="sun.java.launcher" value="SUN_STANDARD"/>
    <property name="sun.os.patch.level" value="Service Pack 1"/>
    <property name="java.vm.specification.name" value="Java Virtual Machine Specification"/>
    <property name="user.dir" value="C:\Users\scranefield\Documents\NetBeansProjects\emas2013-application"/>
    <property name="java.runtime.version" value="1.7.0_10-b18"/>
    <property name="java.awt.graphicsenv" value="sun.awt.Win32GraphicsEnvironment"/>
    <property name="basedir" value="C:\Users\scranefield\Documents\NetBeansProjects\emas2013-application"/>
    <property name="java.endorsed.dirs" value="C:\Program Files\Java\jdk1.7.0_10\jre\lib\endorsed"/>
    <property name="os.arch" value="amd64"/>
    <property name="surefire.real.class.path" value="C:\Users\scranefield\Documents\NetBeansProjects\emas2013-application\target\surefire\surefirebooter6439098481959490335.jar"/>
    <property name="java.io.tmpdir" value="C:\Users\SCRANE~1\AppData\Local\Temp\"/>
    <property name="line.separator" value="
"/>
    <property name="java.vm.specification.vendor" value="Oracle Corporation"/>
    <property name="user.variant" value=""/>
    <property name="os.name" value="Windows 7"/>
    <property name="sun.jnu.encoding" value="Cp1252"/>
    <property name="java.library.path" value="C:\Program Files\Java\jdk1.7.0_10\jre\bin;C:\Windows\Sun\Java\bin;C:\Windows\system32;C:\Windows;C:\Program Files (x86)\MiKTeX 2.9\miktex\bin;C:\Program Files\Common Files\Microsoft Shared\Windows Live;C:\Program Files (x86)\Common Files\Microsoft Shared\Windows Live;C:\Windows\system32;C:\Windows;C:\Windows\System32\Wbem;C:\Windows\System32\WindowsPowerShell\v1.0\;c:\Program Files\Intel\DMIX;C:\Program Files\Intel\WiFi\bin\;C:\Program Files\Common Files\Intel\WirelessCommon\;C:\Program Files (x86)\NTRU Cryptosystems\NTRU TCG Software Stack\bin\;C:\Program Files\NTRU Cryptosystems\NTRU TCG Software Stack\bin\;C:\Program Files\Dell\Dell Data Protection\Access\Advanced\Wave\Gemalto\Access Client\v5\;C:\Program Files (x86)\Windows Live\Shared;C:\Program Files (x86)\QuickTime\QTSystem;C:\JavaApps\apache-ant-1.8.2\bin;C:\Program Files (x86)\Git\cmd;C:\Program Files\TortoiseGit\bin;C:\Program Files\TortoiseSVN\bin;C:\Program Files (x86)\QuickTime\QTSystem\;C:\Program Files\IBM\ILOG\CPLEX_Studio125\opl\bin\x64_win64;C:\Program Files\IBM\ILOG\CPLEX_Studio125\opl\oplide\;C:\Program Files\IBM\ILOG\CPLEX_Studio125\cplex\bin\x64_win64;C:\Program Files\IBM\ILOG\CPLEX_Studio125\cpoptimizer\bin\x64_win64;."/>
    <property name="surefire.test.class.path" value="C:\Users\scranefield\Documents\NetBeansProjects\emas2013-application\target\test-classes;C:\Users\scranefield\Documents\NetBeansProjects\emas2013-application\target\classes;C:\Users\scranefield\Documents\GitHub\camel-agent\target\bdi_agent-1.0-SNAPSHOT.jar;C:\Program Files (x86)\H2\bin\h2-1.3.154.jar;C:\Users\scranefield\.m2\repository\org\apache\camel\camel-core\2.10.5\camel-core-2.10.5.jar;C:\Users\scranefield\.m2\repository\com\sun\xml\bind\jaxb-impl\2.2.5\jaxb-impl-2.2.5.jar;C:\Users\scranefield\.m2\repository\org\slf4j\slf4j-api\1.6.6\slf4j-api-1.6.6.jar;C:\Users\scranefield\.m2\repository\org\slf4j\slf4j-log4j12\1.6.6\slf4j-log4j12-1.6.6.jar;C:\Users\scranefield\.m2\repository\log4j\log4j\1.2.17\log4j-1.2.17.jar;C:\Users\scranefield\.m2\repository\org\apache\camel\camel-test\2.10.1\camel-test-2.10.1.jar;C:\Users\scranefield\.m2\repository\junit\junit\4.10\junit-4.10.jar;C:\Users\scranefield\.m2\repository\junit\junit-dep\4.5\junit-dep-4.5.jar;C:\Users\scranefield\.m2\repository\org\hamcrest\hamcrest-core\1.1\hamcrest-core-1.1.jar;C:\Users\scranefield\.m2\repository\commons-lang\commons-lang\2.3\commons-lang-2.3.jar;C:\Users\scranefield\.m2\repository\org\apache\camel\camel-zookeeper\2.10.5\camel-zookeeper-2.10.5.jar;C:\Users\scranefield\.m2\repository\org\apache\zookeeper\zookeeper\3.3.5\zookeeper-3.3.5.jar;C:\Users\scranefield\.m2\repository\jline\jline\0.9.94\jline-0.9.94.jar;C:\Users\scranefield\.m2\repository\org\apache\camel\camel-cxf\2.10.5\camel-cxf-2.10.5.jar;C:\Users\scranefield\.m2\repository\org\apache\camel\camel-spring\2.10.5\camel-spring-2.10.5.jar;C:\Users\scranefield\.m2\repository\org\springframework\spring-aop\3.0.7.RELEASE\spring-aop-3.0.7.RELEASE.jar;C:\Users\scranefield\.m2\repository\org\apache\camel\camel-cxf-transport\2.10.5\camel-cxf-transport-2.10.5.jar;C:\Users\scranefield\.m2\repository\org\apache\cxf\cxf-rt-core\2.6.8\cxf-rt-core-2.6.8.jar;C:\Users\scranefield\.m2\repository\org\apache\ws\xmlschema\xmlschema-core\2.0.3\xmlschema-core-2.0.3.jar;C:\Users\scranefield\.m2\repository\org\apache\geronimo\specs\geronimo-javamail_1.4_spec\1.7.1\geronimo-javamail_1.4_spec-1.7.1.jar;C:\Users\scranefield\.m2\repository\org\apache\cxf\cxf-rt-frontend-jaxrs\2.6.8\cxf-rt-frontend-jaxrs-2.6.8.jar;C:\Users\scranefield\.m2\repository\org\apache\cxf\cxf-api\2.6.8\cxf-api-2.6.8.jar;C:\Users\scranefield\.m2\repository\org\codehaus\woodstox\woodstox-core-asl\4.2.0\woodstox-core-asl-4.2.0.jar;C:\Users\scranefield\.m2\repository\org\codehaus\woodstox\stax2-api\3.1.1\stax2-api-3.1.1.jar;C:\Users\scranefield\.m2\repository\wsdl4j\wsdl4j\1.6.3\wsdl4j-1.6.3.jar;C:\Users\scranefield\.m2\repository\javax\ws\rs\jsr311-api\1.1.1\jsr311-api-1.1.1.jar;C:\Users\scranefield\.m2\repository\org\apache\cxf\cxf-rt-bindings-xml\2.6.8\cxf-rt-bindings-xml-2.6.8.jar;C:\Users\scranefield\.m2\repository\org\apache\cxf\cxf-rt-transports-http\2.6.8\cxf-rt-transports-http-2.6.8.jar;C:\Users\scranefield\.m2\repository\org\apache\cxf\cxf-rt-frontend-jaxws\2.6.8\cxf-rt-frontend-jaxws-2.6.8.jar;C:\Users\scranefield\.m2\repository\xml-resolver\xml-resolver\1.2\xml-resolver-1.2.jar;C:\Users\scranefield\.m2\repository\asm\asm\3.3.1\asm-3.3.1.jar;C:\Users\scranefield\.m2\repository\org\apache\cxf\cxf-rt-frontend-simple\2.6.8\cxf-rt-frontend-simple-2.6.8.jar;C:\Users\scranefield\.m2\repository\org\apache\cxf\cxf-rt-ws-addr\2.6.8\cxf-rt-ws-addr-2.6.8.jar;C:\Users\scranefield\.m2\repository\org\apache\cxf\cxf-rt-ws-policy\2.6.8\cxf-rt-ws-policy-2.6.8.jar;C:\Users\scranefield\.m2\repository\org\apache\neethi\neethi\3.0.2\neethi-3.0.2.jar;C:\Users\scranefield\.m2\repository\org\springframework\spring-core\3.0.7.RELEASE\spring-core-3.0.7.RELEASE.jar;C:\Users\scranefield\.m2\repository\org\springframework\spring-asm\3.0.7.RELEASE\spring-asm-3.0.7.RELEASE.jar;C:\Users\scranefield\.m2\repository\commons-logging\commons-logging\1.1.1\commons-logging-1.1.1.jar;C:\Users\scranefield\.m2\repository\org\springframework\spring-beans\3.0.7.RELEASE\spring-beans-3.0.7.RELEASE.jar;C:\Users\scranefield\.m2\repository\org\springframework\spring-context\3.0.7.RELEASE\spring-context-3.0.7.RELEASE.jar;C:\Users\scranefield\.m2\repository\org\springframework\spring-expression\3.0.7.RELEASE\spring-expression-3.0.7.RELEASE.jar;C:\Users\scranefield\.m2\repository\org\apache\camel\camel-blueprint\2.10.5\camel-blueprint-2.10.5.jar;C:\Users\scranefield\.m2\repository\org\apache\camel\camel-core-xml\2.10.5\camel-core-xml-2.10.5.jar;C:\Users\scranefield\.m2\repository\org\apache\camel\camel-core-osgi\2.10.5\camel-core-osgi-2.10.5.jar;C:\Users\scranefield\.m2\repository\org\apache\aries\blueprint\org.apache.aries.blueprint\0.3\org.apache.aries.blueprint-0.3.jar;C:\Users\scranefield\.m2\repository\org\apache\aries\org.apache.aries.util\0.3\org.apache.aries.util-0.3.jar;C:\Users\scranefield\.m2\repository\org\apache\aries\testsupport\org.apache.aries.testsupport.unit\0.3\org.apache.aries.testsupport.unit-0.3.jar;C:\Users\scranefield\.m2\repository\org\apache\aries\proxy\org.apache.aries.proxy.api\0.3\org.apache.aries.proxy.api-0.3.jar;C:\Users\scranefield\.m2\repository\org\apache\cxf\cxf-rt-bindings-soap\2.6.8\cxf-rt-bindings-soap-2.6.8.jar;C:\Users\scranefield\.m2\repository\org\apache\cxf\cxf-rt-databinding-jaxb\2.6.8\cxf-rt-databinding-jaxb-2.6.8.jar;C:\Users\scranefield\.m2\repository\org\apache\camel\camel-script\2.10.5\camel-script-2.10.5.jar;C:\Users\scranefield\.m2\repository\org\apache\camel\camel-mail\2.10.5\camel-mail-2.10.5.jar;C:\Users\scranefield\.m2\repository\org\apache\camel\camel-jms\2.10.5\camel-jms-2.10.5.jar;C:\Users\scranefield\.m2\repository\org\springframework\spring-jms\3.0.7.RELEASE\spring-jms-3.0.7.RELEASE.jar;C:\Users\scranefield\.m2\repository\aopalliance\aopalliance\1.0\aopalliance-1.0.jar;C:\Users\scranefield\.m2\repository\org\springframework\spring-tx\3.0.7.RELEASE\spring-tx-3.0.7.RELEASE.jar;C:\Users\scranefield\.m2\repository\net\sf\jason\jason\1.3.9\jason-1.3.9.jar;C:\Users\scranefield\.m2\repository\javax\mail\mail\1.4\mail-1.4.jar;C:\Users\scranefield\.m2\repository\javax\activation\activation\1.1\activation-1.1.jar;C:\Users\scranefield\.m2\repository\org\codehaus\groovy\groovy-all\2.1.5\groovy-all-2.1.5.jar;"/>
    <property name="java.specification.name" value="Java Platform API Specification"/>
    <property name="java.class.version" value="51.0"/>
    <property name="sun.management.compiler" value="HotSpot 64-Bit Tiered Compilers"/>
    <property name="os.version" value="6.1"/>
    <property name="user.home" value="C:\Users\scranefield"/>
    <property name="user.timezone" value=""/>
    <property name="java.awt.printerjob" value="sun.awt.windows.WPrinterJob"/>
    <property name="java.specification.version" value="1.7"/>
    <property name="file.encoding" value="Cp1252"/>
    <property name="user.name" value="SCranefield"/>
    <property name="java.class.path" value="C:\Users\scranefield\Documents\NetBeansProjects\emas2013-application\target\test-classes;C:\Users\scranefield\Documents\NetBeansProjects\emas2013-application\target\classes;C:\Users\scranefield\Documents\GitHub\camel-agent\target\bdi_agent-1.0-SNAPSHOT.jar;C:\Program Files (x86)\H2\bin\h2-1.3.154.jar;C:\Users\scranefield\.m2\repository\org\apache\camel\camel-core\2.10.5\camel-core-2.10.5.jar;C:\Users\scranefield\.m2\repository\com\sun\xml\bind\jaxb-impl\2.2.5\jaxb-impl-2.2.5.jar;C:\Users\scranefield\.m2\repository\org\slf4j\slf4j-api\1.6.6\slf4j-api-1.6.6.jar;C:\Users\scranefield\.m2\repository\org\slf4j\slf4j-log4j12\1.6.6\slf4j-log4j12-1.6.6.jar;C:\Users\scranefield\.m2\repository\log4j\log4j\1.2.17\log4j-1.2.17.jar;C:\Users\scranefield\.m2\repository\org\apache\camel\camel-test\2.10.1\camel-test-2.10.1.jar;C:\Users\scranefield\.m2\repository\junit\junit\4.10\junit-4.10.jar;C:\Users\scranefield\.m2\repository\junit\junit-dep\4.5\junit-dep-4.5.jar;C:\Users\scranefield\.m2\repository\org\hamcrest\hamcrest-core\1.1\hamcrest-core-1.1.jar;C:\Users\scranefield\.m2\repository\commons-lang\commons-lang\2.3\commons-lang-2.3.jar;C:\Users\scranefield\.m2\repository\org\apache\camel\camel-zookeeper\2.10.5\camel-zookeeper-2.10.5.jar;C:\Users\scranefield\.m2\repository\org\apache\zookeeper\zookeeper\3.3.5\zookeeper-3.3.5.jar;C:\Users\scranefield\.m2\repository\jline\jline\0.9.94\jline-0.9.94.jar;C:\Users\scranefield\.m2\repository\org\apache\camel\camel-cxf\2.10.5\camel-cxf-2.10.5.jar;C:\Users\scranefield\.m2\repository\org\apache\camel\camel-spring\2.10.5\camel-spring-2.10.5.jar;C:\Users\scranefield\.m2\repository\org\springframework\spring-aop\3.0.7.RELEASE\spring-aop-3.0.7.RELEASE.jar;C:\Users\scranefield\.m2\repository\org\apache\camel\camel-cxf-transport\2.10.5\camel-cxf-transport-2.10.5.jar;C:\Users\scranefield\.m2\repository\org\apache\cxf\cxf-rt-core\2.6.8\cxf-rt-core-2.6.8.jar;C:\Users\scranefield\.m2\repository\org\apache\ws\xmlschema\xmlschema-core\2.0.3\xmlschema-core-2.0.3.jar;C:\Users\scranefield\.m2\repository\org\apache\geronimo\specs\geronimo-javamail_1.4_spec\1.7.1\geronimo-javamail_1.4_spec-1.7.1.jar;C:\Users\scranefield\.m2\repository\org\apache\cxf\cxf-rt-frontend-jaxrs\2.6.8\cxf-rt-frontend-jaxrs-2.6.8.jar;C:\Users\scranefield\.m2\repository\org\apache\cxf\cxf-api\2.6.8\cxf-api-2.6.8.jar;C:\Users\scranefield\.m2\repository\org\codehaus\woodstox\woodstox-core-asl\4.2.0\woodstox-core-asl-4.2.0.jar;C:\Users\scranefield\.m2\repository\org\codehaus\woodstox\stax2-api\3.1.1\stax2-api-3.1.1.jar;C:\Users\scranefield\.m2\repository\wsdl4j\wsdl4j\1.6.3\wsdl4j-1.6.3.jar;C:\Users\scranefield\.m2\repository\javax\ws\rs\jsr311-api\1.1.1\jsr311-api-1.1.1.jar;C:\Users\scranefield\.m2\repository\org\apache\cxf\cxf-rt-bindings-xml\2.6.8\cxf-rt-bindings-xml-2.6.8.jar;C:\Users\scranefield\.m2\repository\org\apache\cxf\cxf-rt-transports-http\2.6.8\cxf-rt-transports-http-2.6.8.jar;C:\Users\scranefield\.m2\repository\org\apache\cxf\cxf-rt-frontend-jaxws\2.6.8\cxf-rt-frontend-jaxws-2.6.8.jar;C:\Users\scranefield\.m2\repository\xml-resolver\xml-resolver\1.2\xml-resolver-1.2.jar;C:\Users\scranefield\.m2\repository\asm\asm\3.3.1\asm-3.3.1.jar;C:\Users\scranefield\.m2\repository\org\apache\cxf\cxf-rt-frontend-simple\2.6.8\cxf-rt-frontend-simple-2.6.8.jar;C:\Users\scranefield\.m2\repository\org\apache\cxf\cxf-rt-ws-addr\2.6.8\cxf-rt-ws-addr-2.6.8.jar;C:\Users\scranefield\.m2\repository\org\apache\cxf\cxf-rt-ws-policy\2.6.8\cxf-rt-ws-policy-2.6.8.jar;C:\Users\scranefield\.m2\repository\org\apache\neethi\neethi\3.0.2\neethi-3.0.2.jar;C:\Users\scranefield\.m2\repository\org\springframework\spring-core\3.0.7.RELEASE\spring-core-3.0.7.RELEASE.jar;C:\Users\scranefield\.m2\repository\org\springframework\spring-asm\3.0.7.RELEASE\spring-asm-3.0.7.RELEASE.jar;C:\Users\scranefield\.m2\repository\commons-logging\commons-logging\1.1.1\commons-logging-1.1.1.jar;C:\Users\scranefield\.m2\repository\org\springframework\spring-beans\3.0.7.RELEASE\spring-beans-3.0.7.RELEASE.jar;C:\Users\scranefield\.m2\repository\org\springframework\spring-context\3.0.7.RELEASE\spring-context-3.0.7.RELEASE.jar;C:\Users\scranefield\.m2\repository\org\springframework\spring-expression\3.0.7.RELEASE\spring-expression-3.0.7.RELEASE.jar;C:\Users\scranefield\.m2\repository\org\apache\camel\camel-blueprint\2.10.5\camel-blueprint-2.10.5.jar;C:\Users\scranefield\.m2\repository\org\apache\camel\camel-core-xml\2.10.5\camel-core-xml-2.10.5.jar;C:\Users\scranefield\.m2\repository\org\apache\camel\camel-core-osgi\2.10.5\camel-core-osgi-2.10.5.jar;C:\Users\scranefield\.m2\repository\org\apache\aries\blueprint\org.apache.aries.blueprint\0.3\org.apache.aries.blueprint-0.3.jar;C:\Users\scranefield\.m2\repository\org\apache\aries\org.apache.aries.util\0.3\org.apache.aries.util-0.3.jar;C:\Users\scranefield\.m2\repository\org\apache\aries\testsupport\org.apache.aries.testsupport.unit\0.3\org.apache.aries.testsupport.unit-0.3.jar;C:\Users\scranefield\.m2\repository\org\apache\aries\proxy\org.apache.aries.proxy.api\0.3\org.apache.aries.proxy.api-0.3.jar;C:\Users\scranefield\.m2\repository\org\apache\cxf\cxf-rt-bindings-soap\2.6.8\cxf-rt-bindings-soap-2.6.8.jar;C:\Users\scranefield\.m2\repository\org\apache\cxf\cxf-rt-databinding-jaxb\2.6.8\cxf-rt-databinding-jaxb-2.6.8.jar;C:\Users\scranefield\.m2\repository\org\apache\camel\camel-script\2.10.5\camel-script-2.10.5.jar;C:\Users\scranefield\.m2\repository\org\apache\camel\camel-mail\2.10.5\camel-mail-2.10.5.jar;C:\Users\scranefield\.m2\repository\org\apache\camel\camel-jms\2.10.5\camel-jms-2.10.5.jar;C:\Users\scranefield\.m2\repository\org\springframework\spring-jms\3.0.7.RELEASE\spring-jms-3.0.7.RELEASE.jar;C:\Users\scranefield\.m2\repository\aopalliance\aopalliance\1.0\aopalliance-1.0.jar;C:\Users\scranefield\.m2\repository\org\springframework\spring-tx\3.0.7.RELEASE\spring-tx-3.0.7.RELEASE.jar;C:\Users\scranefield\.m2\repository\net\sf\jason\jason\1.3.9\jason-1.3.9.jar;C:\Users\scranefield\.m2\repository\javax\mail\mail\1.4\mail-1.4.jar;C:\Users\scranefield\.m2\repository\javax\activation\activation\1.1\activation-1.1.jar;C:\Users\scranefield\.m2\repository\org\codehaus\groovy\groovy-all\2.1.5\groovy-all-2.1.5.jar;"/>
    <property name="java.vm.specification.version" value="1.7"/>
    <property name="sun.arch.data.model" value="64"/>
    <property name="java.home" value="C:\Program Files\Java\jdk1.7.0_10\jre"/>
    <property name="sun.java.command" value="C:\Users\scranefield\Documents\NetBeansProjects\emas2013-application\target\surefire\surefirebooter6439098481959490335.jar C:\Users\scranefield\Documents\NetBeansProjects\emas2013-application\target\surefire\surefire2050405984524788501tmp C:\Users\scranefield\Documents\NetBeansProjects\emas2013-application\target\surefire\surefire1013394198429492032tmp"/>
    <property name="netbeans.execution" value="true"/>
    <property name="java.specification.vendor" value="Oracle Corporation"/>
    <property name="user.language" value="en"/>
    <property name="awt.toolkit" value="sun.awt.windows.WToolkit"/>
    <property name="java.vm.info" value="mixed mode"/>
    <property name="java.version" value="1.7.0_10"/>
    <property name="java.ext.dirs" value="C:\Program Files\Java\jdk1.7.0_10\jre\lib\ext;C:\Windows\Sun\Java\lib\ext"/>
    <property name="sun.boot.class.path" value="C:\Program Files\Java\jdk1.7.0_10\jre\lib\resources.jar;C:\Program Files\Java\jdk1.7.0_10\jre\lib\rt.jar;C:\Program Files\Java\jdk1.7.0_10\jre\lib\sunrsasign.jar;C:\Program Files\Java\jdk1.7.0_10\jre\lib\jsse.jar;C:\Program Files\Java\jdk1.7.0_10\jre\lib\jce.jar;C:\Program Files\Java\jdk1.7.0_10\jre\lib\charsets.jar;C:\Program Files\Java\jdk1.7.0_10\jre\lib\jfr.jar;C:\Program Files\Java\jdk1.7.0_10\jre\classes"/>
    <property name="java.vendor" value="Oracle Corporation"/>
    <property name="localRepository" value="C:\Users\scranefield\.m2\repository"/>
    <property name="file.separator" value="\"/>
    <property name="java.vendor.url.bug" value="http://bugreport.sun.com/bugreport/"/>
    <property name="sun.cpu.endian" value="little"/>
    <property name="sun.io.unicode.encoding" value="UnicodeLittle"/>
    <property name="sun.desktop" value="windows"/>
    <property name="sun.cpu.isalist" value="amd64"/>
  </properties>
  <testcase time="0.001" classname="nz.ac.otago.infosci.emas2013application.AppTest" name="testApp"/>
</testsuite>